Unsupposrted library path: C:\Users\darku\Documents\GitHub\immersive_vehicles_vanity\build\classes\java\api
Unsupposrted library path: C:\Users\darku\Documents\GitHub\immersive_vehicles_vanity\build\resources\api
Symbol range map extraction starting
Processing 13 files
startProcessing "net/cc/ivv/ClientProxyIvvMod.java" md5: e24c71e5caeac37f3a44b514af263e8d
endProcessing "net/cc/ivv/ClientProxyIvvMod.java"

startProcessing "net/cc/ivv/ElementsIvvMod.java" md5: d99038fda417ddfd71bf72a9de7d2157
endProcessing "net/cc/ivv/ElementsIvvMod.java"

startProcessing "net/cc/ivv/IProxyIvvMod.java" md5: 299d40c5043c4854614e773275654f33
endProcessing "net/cc/ivv/IProxyIvvMod.java"

startProcessing "net/cc/ivv/IvvMod.java" md5: e7a4dedc1d03b113972d2f7a954cb169
endProcessing "net/cc/ivv/IvvMod.java"

startProcessing "net/cc/ivv/IvvModVariables.java" md5: 30f4db9826844846aba9eeefb6b5477b
endProcessing "net/cc/ivv/IvvModVariables.java"

startProcessing "net/cc/ivv/ServerProxyIvvMod.java" md5: 75ba41381a36549638619568b645f492
endProcessing "net/cc/ivv/ServerProxyIvvMod.java"

startProcessing "net/cc/ivv/gui/overlay/OverlaySmokeOverlay.java" md5: d1db52ca488dfb2542428cc2ecb86cbe
endProcessing "net/cc/ivv/gui/overlay/OverlaySmokeOverlay.java"

startProcessing "net/cc/ivv/potion/PotionRogged.java" md5: 86a2e92a12945eac2bdbd8d5f25955b4
endProcessing "net/cc/ivv/potion/PotionRogged.java"

startProcessing "net/cc/ivv/potion/PotionSmoked.java" md5: c175bbba982edc8344ffa25d7c3c9618
endProcessing "net/cc/ivv/potion/PotionSmoked.java"

startProcessing "net/cc/ivv/procedure/ProcedureRoggedAfterEffect.java" md5: a6390f469aed6ac1e42536ef07a388c5
endProcessing "net/cc/ivv/procedure/ProcedureRoggedAfterEffect.java"

startProcessing "net/cc/ivv/procedure/ProcedureRoggedDuringEffect.java" md5: 158eb88e42cd763f641d6e5495d2b074
endProcessing "net/cc/ivv/procedure/ProcedureRoggedDuringEffect.java"

startProcessing "net/cc/ivv/procedure/ProcedureSmokeStatus.java" md5: 146ea9f0c104831bf185804f0a8072be
endProcessing "net/cc/ivv/procedure/ProcedureSmokeStatus.java"

startProcessing "net/cc/ivv/procedure/ProcedureSmokeZoinked.java" md5: d979f91527a1d6c70e4bf808e13bb25d
endProcessing "net/cc/ivv/procedure/ProcedureSmokeZoinked.java"

