Processing 13 files
Start Processing: net/cc/ivv/ClientProxyIvvMod.java
Import: net.minecraftforge.fml.common.event.FMLServerStartingEvent
Import: net.minecraftforge.fml.common.event.FMLPreInitializationEvent
Import: net.minecraftforge.fml.common.event.FMLPostInitializationEvent
Import: net.minecraftforge.fml.common.event.FMLInitializationEvent
Import: net.minecraftforge.client.model.obj.OBJLoader
End  Processing: net/cc/ivv/ClientProxyIvvMod.java

Start Processing: net/cc/ivv/ElementsIvvMod.java
FOUND CONSTR method net/cc/ivv/ElementsIvvMod/ElementsIvvMod ()V net/cc/ivv/ElementsIvvMod
New Key: class net/minecraftforge/fml/common/discovery/ASMDataTable
New Key: class net/cc/ivv/ElementsIvvMod/ModElement
New Key: class net/cc/ivv/ElementsIvvMod
New Key: class net/cc/ivv/ElementsIvvMod
New Key: class net/cc/ivv/ElementsIvvMod
New Key: class net/cc/ivv/IvvModVariables
New Key: class net/cc/ivv/IvvModVariables
New Key: class net/minecraftforge/event/RegistryEvent
New Key: class java/util/Map
Rename field net/minecraft/world/World/provider[3634,3642]::provider->field_73011_w
Rename field net/minecraft/entity/Entity/world[4023,4028]::world->field_70170_p
Rename field net/minecraft/world/World/isRemote[4037,4045]::isRemote->field_72995_K
New Key: class net/cc/ivv/IvvModVariables
Rename field net/minecraft/entity/Entity/world[4129,4134]::world->field_70170_p
New Key: class net/cc/ivv/IvvModVariables
Rename field net/minecraft/entity/Entity/world[4224,4229]::world->field_70170_p
New Key: class net/cc/ivv/IvvModVariables
New Key: class net/cc/ivv/IvvModVariables
Rename field net/minecraft/entity/Entity/world[4722,4727]::world->field_70170_p
Rename field net/minecraft/world/World/isRemote[4736,4744]::isRemote->field_72995_K
New Key: class net/cc/ivv/IvvModVariables
Rename field net/minecraft/entity/Entity/world[4832,4837]::world->field_70170_p
New Key: class net/cc/ivv/IvvModVariables
FOUND CONSTR method net/cc/ivv/ElementsIvvMod/ModElement/ModElement (Lnet/cc/ivv/ElementsIvvMod;I)V net/cc/ivv/ElementsIvvMod/ModElement
Import: net.minecraftforge.fml.relauncher.Side
Import: net.minecraftforge.fml.common.registry.EntityEntry
Import: net.minecraftforge.fml.common.network.simpleimpl.IMessageHandler
Import: net.minecraftforge.fml.common.network.simpleimpl.IMessage
Import: net.minecraftforge.fml.common.network.IGuiHandler
Import: net.minecraftforge.fml.common.eventhandler.SubscribeEvent
Import: net.minecraftforge.fml.common.event.FMLServerStartingEvent
Import: net.minecraftforge.fml.common.event.FMLPreInitializationEvent
Import: net.minecraftforge.fml.common.event.FMLInitializationEvent
Import: net.minecraftforge.fml.common.discovery.ASMDataTable
Import: net.minecraftforge.fml.common.IWorldGenerator
Import: net.minecraftforge.fml.common.IFuelHandler
Import: net.minecraftforge.event.RegistryEvent
Import: net.minecraftforge.client.event.ModelRegistryEvent
Import: net.minecraft.world.storage.WorldSavedData
Import: net.minecraft.world.gen.IChunkGenerator
Import: net.minecraft.world.chunk.IChunkProvider
Import: net.minecraft.world.biome.Biome
Import: net.minecraft.world.World
Import: net.minecraft.util.ResourceLocation
Import: net.minecraft.potion.Potion
Import: net.minecraft.item.ItemStack
Import: net.minecraft.item.Item
Import: net.minecraft.entity.player.EntityPlayerMP
Import: net.minecraft.entity.player.EntityPlayer
Import: net.minecraft.block.Block
Import: java.util.function.Supplier
Import: java.util.Random
Import: java.util.Map
Import: java.util.List
Import: java.util.HashMap
Import: java.util.Collections
Import: java.util.ArrayList
Import: java.lang.annotation.RetentionPolicy
Import: java.lang.annotation.Retention
End  Processing: net/cc/ivv/ElementsIvvMod.java

Start Processing: net/cc/ivv/IProxyIvvMod.java
Import: net.minecraftforge.fml.common.event.FMLServerStartingEvent
Import: net.minecraftforge.fml.common.event.FMLPreInitializationEvent
Import: net.minecraftforge.fml.common.event.FMLPostInitializationEvent
Import: net.minecraftforge.fml.common.event.FMLInitializationEvent
End  Processing: net/cc/ivv/IProxyIvvMod.java

Start Processing: net/cc/ivv/IvvMod.java
New Key: class net/minecraftforge/fml/common/Mod
New Key: class net/minecraftforge/fml/common/Mod
New Key: class net/cc/ivv/ElementsIvvMod
New Key: class net/minecraftforge/fml/common/Mod
New Key: class net/minecraftforge/fml/common/Mod
New Key: class net/minecraftforge/fml/common/Mod
New Key: class net/minecraftforge/event/RegistryEvent
New Key: class net/minecraftforge/event/RegistryEvent
New Key: class net/minecraftforge/event/RegistryEvent
New Key: class net/minecraftforge/event/RegistryEvent
New Key: class net/minecraftforge/event/RegistryEvent
New Key: class net/minecraftforge/event/RegistryEvent
Import: net.minecraftforge.fml.relauncher.SideOnly
Import: net.minecraftforge.fml.relauncher.Side
Import: net.minecraftforge.fml.common.registry.GameRegistry
Import: net.minecraftforge.fml.common.registry.EntityEntry
Import: net.minecraftforge.fml.common.network.simpleimpl.SimpleNetworkWrapper
Import: net.minecraftforge.fml.common.network.NetworkRegistry
Import: net.minecraftforge.fml.common.eventhandler.SubscribeEvent
Import: net.minecraftforge.fml.common.event.FMLServerStartingEvent
Import: net.minecraftforge.fml.common.event.FMLPreInitializationEvent
Import: net.minecraftforge.fml.common.event.FMLPostInitializationEvent
Import: net.minecraftforge.fml.common.event.FMLInitializationEvent
Import: net.minecraftforge.fml.common.SidedProxy
Import: net.minecraftforge.fml.common.Mod
Import: net.minecraftforge.fluids.FluidRegistry
Import: net.minecraftforge.event.RegistryEvent
Import: net.minecraftforge.common.MinecraftForge
Import: net.minecraftforge.client.event.ModelRegistryEvent
Import: net.minecraft.world.biome.Biome
Import: net.minecraft.potion.Potion
Import: net.minecraft.item.Item
Import: net.minecraft.block.Block
Import: java.util.function.Supplier
End  Processing: net/cc/ivv/IvvMod.java

Start Processing: net/cc/ivv/IvvModVariables.java
FOUND CONSTR method net/cc/ivv/IvvModVariables/MapVariables/MapVariables ()V net/cc/ivv/IvvModVariables/MapVariables
FOUND CONSTR method net/cc/ivv/IvvModVariables/MapVariables/MapVariables (Ljava/lang/String;)V net/cc/ivv/IvvModVariables/MapVariables
Rename method net/minecraft/world/storage/WorldSavedData/readFromNBT (Lnet/minecraft/nbt/NBTTagCompound;)V[806,817]::readFromNBT->func_76184_a
Rename method net/minecraft/world/storage/WorldSavedData/writeToNBT (Lnet/minecraft/nbt/NBTTagCompound;)Lnet/minecraft/nbt/NBTTagCompound;[886,896]::writeToNBT->func_189551_b
Rename method net/minecraft/world/storage/WorldSavedData/markDirty ()V[993,1002]::markDirty->func_76185_a
Rename field net/minecraft/world/World/isRemote[1023,1031]::isRemote->field_72995_K
Rename method net/minecraft/world/World/getMapStorage ()Lnet/minecraft/world/storage/MapStorage;[1323,1336]::getMapStorage->func_175693_T
Rename method net/minecraft/world/storage/MapStorage/getOrLoadData (Ljava/lang/Class;Ljava/lang/String;)Lnet/minecraft/world/storage/WorldSavedData;[1339,1352]::getOrLoadData->func_75742_a
Rename method net/minecraft/world/World/getMapStorage ()Lnet/minecraft/world/storage/MapStorage;[1459,1472]::getMapStorage->func_175693_T
Rename method net/minecraft/world/storage/MapStorage/setData (Ljava/lang/String;Lnet/minecraft/world/storage/WorldSavedData;)V[1475,1482]::setData->func_75745_a
FOUND CONSTR method net/cc/ivv/IvvModVariables/WorldVariables/WorldVariables ()V net/cc/ivv/IvvModVariables/WorldVariables
FOUND CONSTR method net/cc/ivv/IvvModVariables/WorldVariables/WorldVariables (Ljava/lang/String;)V net/cc/ivv/IvvModVariables/WorldVariables
Rename method net/minecraft/world/storage/WorldSavedData/readFromNBT (Lnet/minecraft/nbt/NBTTagCompound;)V[1813,1824]::readFromNBT->func_76184_a
Rename method net/minecraft/world/storage/WorldSavedData/writeToNBT (Lnet/minecraft/nbt/NBTTagCompound;)Lnet/minecraft/nbt/NBTTagCompound;[1893,1903]::writeToNBT->func_189551_b
Rename method net/minecraft/world/storage/WorldSavedData/markDirty ()V[2000,2009]::markDirty->func_76185_a
Rename field net/minecraft/world/World/isRemote[2030,2038]::isRemote->field_72995_K
Rename field net/minecraft/world/World/provider[2230,2238]::provider->field_73011_w
Rename method net/minecraft/world/storage/MapStorage/getOrLoadData (Ljava/lang/Class;Ljava/lang/String;)Lnet/minecraft/world/storage/WorldSavedData;[2399,2412]::getOrLoadData->func_75742_a
Rename method net/minecraft/world/storage/MapStorage/setData (Ljava/lang/String;Lnet/minecraft/world/storage/WorldSavedData;)V[2544,2551]::setData->func_75745_a
Rename field net/minecraft/network/NetHandlerPlayServer/player[2910,2916]::player->field_147369_b
Rename method net/minecraft/entity/player/EntityPlayerMP/getServerWorld ()Lnet/minecraft/world/WorldServer;[2925,2939]::getServerWorld->func_71121_q
Rename method net/minecraft/util/IThreadListener/addScheduledTask (Ljava/lang/Runnable;)Lcom/google/common/util/concurrent/ListenableFuture;[2948,2964]::addScheduledTask->func_152344_a
Rename field net/minecraft/network/NetHandlerPlayServer/player[3022,3028]::player->field_147369_b
Rename field net/minecraft/entity/Entity/world[3037,3042]::world->field_70170_p
Rename method net/minecraft/client/Minecraft/getMinecraft ()Lnet/minecraft/client/Minecraft;[3078,3090]::getMinecraft->func_71410_x
Rename method net/minecraft/util/IThreadListener/addScheduledTask (Ljava/lang/Runnable;)Lcom/google/common/util/concurrent/ListenableFuture;[3093,3109]::addScheduledTask->func_152344_a
Rename method net/minecraft/client/Minecraft/getMinecraft ()Lnet/minecraft/client/Minecraft;[3150,3162]::getMinecraft->func_71410_x
Rename field net/minecraft/client/Minecraft/player[3165,3171]::player->field_71439_g
Rename field net/minecraft/entity/Entity/world[3179,3184]::world->field_70170_p
Rename method net/minecraft/world/storage/WorldSavedData/markDirty ()V[3376,3385]::markDirty->func_76185_a
Rename field net/minecraft/world/World/provider[3537,3545]::provider->field_73011_w
Rename method net/minecraft/world/World/getMapStorage ()Lnet/minecraft/world/storage/MapStorage;[3614,3627]::getMapStorage->func_175693_T
Rename method net/minecraft/world/storage/MapStorage/setData (Ljava/lang/String;Lnet/minecraft/world/storage/WorldSavedData;)V[3630,3637]::setData->func_75745_a
Rename method net/minecraft/world/storage/MapStorage/setData (Ljava/lang/String;Lnet/minecraft/world/storage/WorldSavedData;)V[3727,3734]::setData->func_75745_a
FOUND CONSTR method net/cc/ivv/IvvModVariables/WorldSavedDataSyncMessage/WorldSavedDataSyncMessage ()V net/cc/ivv/IvvModVariables/WorldSavedDataSyncMessage
FOUND CONSTR method net/cc/ivv/IvvModVariables/WorldSavedDataSyncMessage/WorldSavedDataSyncMessage (ILnet/minecraft/world/storage/WorldSavedData;)V net/cc/ivv/IvvModVariables/WorldSavedDataSyncMessage
Rename method net/minecraft/world/storage/WorldSavedData/writeToNBT (Lnet/minecraft/nbt/NBTTagCompound;)Lnet/minecraft/nbt/NBTTagCompound;[4223,4233]::writeToNBT->func_189551_b
Rename method net/minecraft/world/storage/WorldSavedData/readFromNBT (Lnet/minecraft/nbt/NBTTagCompound;)V[4491,4502]::readFromNBT->func_76184_a
Import: net.minecraftforge.fml.relauncher.Side
Import: net.minecraftforge.fml.common.network.simpleimpl.MessageContext
Import: net.minecraftforge.fml.common.network.simpleimpl.IMessageHandler
Import: net.minecraftforge.fml.common.network.simpleimpl.IMessage
Import: net.minecraftforge.fml.common.network.ByteBufUtils
Import: net.minecraft.world.storage.WorldSavedData
Import: net.minecraft.world.World
Import: net.minecraft.nbt.NBTTagCompound
Import: net.minecraft.client.Minecraft
End  Processing: net/cc/ivv/IvvModVariables.java

Start Processing: net/cc/ivv/ServerProxyIvvMod.java
Import: net.minecraftforge.fml.common.event.FMLServerStartingEvent
Import: net.minecraftforge.fml.common.event.FMLPreInitializationEvent
Import: net.minecraftforge.fml.common.event.FMLPostInitializationEvent
Import: net.minecraftforge.fml.common.event.FMLInitializationEvent
End  Processing: net/cc/ivv/ServerProxyIvvMod.java

Start Processing: net/cc/ivv/gui/overlay/OverlaySmokeOverlay.java
New Key: class net/cc/ivv/ElementsIvvMod
New Key: class net/cc/ivv/ElementsIvvMod
FOUND CONSTR method net/cc/ivv/gui/overlay/OverlaySmokeOverlay/OverlaySmokeOverlay (Lnet/cc/ivv/ElementsIvvMod;)V net/cc/ivv/gui/overlay/OverlaySmokeOverlay
New Key: class net/minecraftforge/client/event/RenderGameOverlayEvent
Rename method net/minecraft/client/gui/ScaledResolution/getScaledWidth ()I[1479,1493]::getScaledWidth->func_78326_a
Rename method net/minecraft/client/gui/ScaledResolution/getScaledHeight ()I[1539,1554]::getScaledHeight->func_78328_b
Rename method net/minecraft/client/Minecraft/getMinecraft ()Lnet/minecraft/client/Minecraft;[1597,1609]::getMinecraft->func_71410_x
Rename field net/minecraft/client/Minecraft/player[1612,1618]::player->field_71439_g
Rename field net/minecraft/entity/Entity/world[1653,1658]::world->field_70170_p
Rename field net/minecraft/entity/Entity/posX[1694,1698]::posX->field_70165_t
Rename field net/minecraft/entity/Entity/posY[1735,1739]::posY->field_70163_u
Rename field net/minecraft/entity/Entity/posZ[1776,1780]::posZ->field_70161_v
Rename method net/minecraft/client/renderer/GlStateManager/disableDepth ()V[1897,1909]::disableDepth->func_179097_i
Rename method net/minecraft/client/renderer/GlStateManager/depthMask (Z)V[1935,1944]::depthMask->func_179132_a
Rename method net/minecraft/client/renderer/GlStateManager/tryBlendFuncSeparate (Lnet/minecraft/client/renderer/GlStateManager$SourceFactor;Lnet/minecraft/client/renderer/GlStateManager$DestFactor;Lnet/minecraft/client/renderer/GlStateManager$SourceFactor;Lnet/minecraft/client/renderer/GlStateManager$DestFactor;)V[1978,1998]::tryBlendFuncSeparate->func_187428_a
New Key: class net/minecraft/client/renderer/GlStateManager
New Key: class net/minecraft/client/renderer/GlStateManager
New Key: class net/minecraft/client/renderer/GlStateManager
New Key: class net/minecraft/client/renderer/GlStateManager
Rename method net/minecraft/client/renderer/GlStateManager/color (FFFF)V[2173,2178]::color->func_179131_c
Rename method net/minecraft/client/renderer/GlStateManager/disableAlpha ()V[2233,2245]::disableAlpha->func_179118_c
Rename method net/minecraft/client/Minecraft/getMinecraft ()Lnet/minecraft/client/Minecraft;[2266,2278]::getMinecraft->func_71410_x
Rename field net/minecraft/client/Minecraft/renderEngine[2281,2293]::renderEngine->field_71446_o
Rename method net/minecraft/client/renderer/texture/TextureManager/bindTexture (Lnet/minecraft/util/ResourceLocation;)V[2295,2306]::bindTexture->func_110577_a
Rename method net/minecraft/client/Minecraft/getMinecraft ()Lnet/minecraft/client/Minecraft;[2386,2398]::getMinecraft->func_71410_x
Rename field net/minecraft/client/Minecraft/ingameGUI[2401,2410]::ingameGUI->field_71456_v
Rename method net/minecraft/client/gui/Gui/drawModalRectWithCustomSizedTexture (IIFFIIFF)V[2415,2450]::drawModalRectWithCustomSizedTexture->func_146110_a
Rename method net/minecraft/client/gui/ScaledResolution/getScaledWidth ()I[2463,2477]::getScaledWidth->func_78326_a
Rename method net/minecraft/client/gui/ScaledResolution/getScaledHeight ()I[2509,2524]::getScaledHeight->func_78328_b
Rename method net/minecraft/client/gui/ScaledResolution/getScaledWidth ()I[2547,2561]::getScaledWidth->func_78326_a
Rename method net/minecraft/client/gui/ScaledResolution/getScaledHeight ()I[2585,2600]::getScaledHeight->func_78328_b
Rename method net/minecraft/client/renderer/GlStateManager/depthMask (Z)V[2623,2632]::depthMask->func_179132_a
Rename method net/minecraft/client/renderer/GlStateManager/enableDepth ()V[2665,2676]::enableDepth->func_179126_j
Rename method net/minecraft/client/renderer/GlStateManager/enableAlpha ()V[2703,2714]::enableAlpha->func_179141_d
Rename method net/minecraft/client/renderer/GlStateManager/color (FFFF)V[2741,2746]::color->func_179131_c
Import: net.minecraftforge.fml.relauncher.SideOnly
Import: net.minecraftforge.fml.relauncher.Side
Import: net.minecraftforge.fml.common.eventhandler.SubscribeEvent
Import: net.minecraftforge.fml.common.eventhandler.EventPriority
Import: net.minecraftforge.fml.common.event.FMLInitializationEvent
Import: net.minecraftforge.common.MinecraftForge
Import: net.minecraftforge.client.event.RenderGameOverlayEvent
Import: net.minecraft.world.World
Import: net.minecraft.util.ResourceLocation
Import: net.minecraft.entity.player.EntityPlayer
Import: net.minecraft.client.renderer.GlStateManager
Import: net.minecraft.client.Minecraft
Import: net.cc.ivv.procedure.ProcedureSmokeStatus
Import: net.cc.ivv.ElementsIvvMod
Import: com.google.common.collect.ImmutableMap
End  Processing: net/cc/ivv/gui/overlay/OverlaySmokeOverlay.java

Start Processing: net/cc/ivv/potion/PotionRogged.java
New Key: class net/cc/ivv/ElementsIvvMod
New Key: class net/cc/ivv/ElementsIvvMod
New Key: class net/minecraftforge/fml/common/registry/GameRegistry
FOUND CONSTR method net/cc/ivv/potion/PotionRogged/PotionRogged (Lnet/cc/ivv/ElementsIvvMod;)V net/cc/ivv/potion/PotionRogged
FOUND CONSTR method net/cc/ivv/potion/PotionRogged/PotionCustom/PotionCustom ()V net/cc/ivv/potion/PotionRogged/PotionCustom
Rename method net/minecraft/potion/Potion/setPotionName (Ljava/lang/String;)Lnet/minecraft/potion/Potion;[1294,1307]::setPotionName->func_76390_b
Rename method net/minecraft/potion/Potion/isInstant ()Z[1445,1454]::isInstant->func_76403_b
Rename method net/minecraft/potion/Potion/performEffect (Lnet/minecraft/entity/EntityLivingBase;I)V[1707,1720]::performEffect->func_76394_a
Rename field net/minecraft/entity/Entity/world[1787,1792]::world->field_70170_p
Rename field net/minecraft/entity/Entity/posX[1827,1831]::posX->field_70165_t
Rename field net/minecraft/entity/Entity/posY[1867,1871]::posY->field_70163_u
Rename field net/minecraft/entity/Entity/posZ[1907,1911]::posZ->field_70161_v
Rename method net/minecraft/potion/Potion/removeAttributesModifiersFromEntity (Lnet/minecraft/entity/EntityLivingBase;Lnet/minecraft/entity/ai/attributes/AbstractAttributeMap;I)V[2138,2173]::removeAttributesModifiersFromEntity->func_111187_a
Rename method net/minecraft/potion/Potion/removeAttributesModifiersFromEntity (Lnet/minecraft/entity/EntityLivingBase;Lnet/minecraft/entity/ai/attributes/AbstractAttributeMap;I)V[2241,2276]::removeAttributesModifiersFromEntity->func_111187_a
Rename field net/minecraft/entity/Entity/world[2316,2321]::world->field_70170_p
Rename field net/minecraft/entity/Entity/posX[2356,2360]::posX->field_70165_t
Rename field net/minecraft/entity/Entity/posY[2396,2400]::posY->field_70163_u
Rename field net/minecraft/entity/Entity/posZ[2436,2440]::posZ->field_70161_v
Rename field net/minecraft/client/Minecraft/currentScreen[2776,2789]::currentScreen->field_71462_r
Rename method net/minecraft/client/Minecraft/getTextureManager ()Lnet/minecraft/client/renderer/texture/TextureManager;[2809,2826]::getTextureManager->func_110434_K
Rename method net/minecraft/client/renderer/texture/TextureManager/bindTexture (Lnet/minecraft/util/ResourceLocation;)V[2825,2836]::bindTexture->func_110577_a
Rename method net/minecraft/client/gui/Gui/drawModalRectWithCustomSizedTexture (IIFFIIFF)V[2861,2896]::drawModalRectWithCustomSizedTexture->func_146110_a
Rename method net/minecraft/client/Minecraft/getTextureManager ()Lnet/minecraft/client/renderer/texture/TextureManager;[3066,3083]::getTextureManager->func_110434_K
Rename method net/minecraft/client/renderer/texture/TextureManager/bindTexture (Lnet/minecraft/util/ResourceLocation;)V[3082,3093]::bindTexture->func_110577_a
Rename method net/minecraft/client/gui/Gui/drawModalRectWithCustomSizedTexture (IIFFIIFF)V[3117,3152]::drawModalRectWithCustomSizedTexture->func_146110_a
Rename method net/minecraft/potion/Potion/isReady (II)Z[3206,3213]::isReady->func_76397_a
Import: net.minecraftforge.fml.relauncher.SideOnly
Import: net.minecraftforge.fml.relauncher.Side
Import: net.minecraftforge.fml.common.registry.GameRegistry
Import: net.minecraft.world.World
Import: net.minecraft.util.ResourceLocation
Import: net.minecraft.potion.PotionEffect
Import: net.minecraft.potion.Potion
Import: net.minecraft.entity.ai.attributes.AbstractAttributeMap
Import: net.minecraft.entity.EntityLivingBase
Import: net.minecraft.client.gui.Gui
Import: net.minecraft.client.Minecraft
Import: net.cc.ivv.procedure.ProcedureRoggedDuringEffect
Import: net.cc.ivv.procedure.ProcedureRoggedAfterEffect
Import: net.cc.ivv.ElementsIvvMod
Import: java.util.Map
Import: java.util.HashMap
End  Processing: net/cc/ivv/potion/PotionRogged.java

Start Processing: net/cc/ivv/potion/PotionSmoked.java
New Key: class net/cc/ivv/ElementsIvvMod
New Key: class net/cc/ivv/ElementsIvvMod
New Key: class net/minecraftforge/fml/common/registry/GameRegistry
FOUND CONSTR method net/cc/ivv/potion/PotionSmoked/PotionSmoked (Lnet/cc/ivv/ElementsIvvMod;)V net/cc/ivv/potion/PotionSmoked
FOUND CONSTR method net/cc/ivv/potion/PotionSmoked/PotionCustom/PotionCustom ()V net/cc/ivv/potion/PotionSmoked/PotionCustom
Rename method net/minecraft/potion/Potion/setPotionName (Ljava/lang/String;)Lnet/minecraft/potion/Potion;[1169,1182]::setPotionName->func_76390_b
Rename method net/minecraft/potion/Potion/isInstant ()Z[1314,1323]::isInstant->func_76403_b
Rename method net/minecraft/potion/Potion/performEffect (Lnet/minecraft/entity/EntityLivingBase;I)V[1576,1589]::performEffect->func_76394_a
Rename field net/minecraft/entity/Entity/world[1656,1661]::world->field_70170_p
Rename field net/minecraft/entity/Entity/posX[1696,1700]::posX->field_70165_t
Rename field net/minecraft/entity/Entity/posY[1736,1740]::posY->field_70163_u
Rename field net/minecraft/entity/Entity/posZ[1776,1780]::posZ->field_70161_v
Rename field net/minecraft/client/Minecraft/currentScreen[2111,2124]::currentScreen->field_71462_r
Rename method net/minecraft/client/Minecraft/getTextureManager ()Lnet/minecraft/client/renderer/texture/TextureManager;[2144,2161]::getTextureManager->func_110434_K
Rename method net/minecraft/client/renderer/texture/TextureManager/bindTexture (Lnet/minecraft/util/ResourceLocation;)V[2160,2171]::bindTexture->func_110577_a
Rename method net/minecraft/client/gui/Gui/drawModalRectWithCustomSizedTexture (IIFFIIFF)V[2196,2231]::drawModalRectWithCustomSizedTexture->func_146110_a
Rename method net/minecraft/client/Minecraft/getTextureManager ()Lnet/minecraft/client/renderer/texture/TextureManager;[2401,2418]::getTextureManager->func_110434_K
Rename method net/minecraft/client/renderer/texture/TextureManager/bindTexture (Lnet/minecraft/util/ResourceLocation;)V[2417,2428]::bindTexture->func_110577_a
Rename method net/minecraft/client/gui/Gui/drawModalRectWithCustomSizedTexture (IIFFIIFF)V[2452,2487]::drawModalRectWithCustomSizedTexture->func_146110_a
Rename method net/minecraft/potion/Potion/isReady (II)Z[2541,2548]::isReady->func_76397_a
Import: net.minecraftforge.fml.relauncher.SideOnly
Import: net.minecraftforge.fml.relauncher.Side
Import: net.minecraftforge.fml.common.registry.GameRegistry
Import: net.minecraft.world.World
Import: net.minecraft.util.ResourceLocation
Import: net.minecraft.potion.PotionEffect
Import: net.minecraft.potion.Potion
Import: net.minecraft.entity.EntityLivingBase
Import: net.minecraft.client.gui.Gui
Import: net.minecraft.client.Minecraft
Import: net.cc.ivv.procedure.ProcedureSmokeZoinked
Import: net.cc.ivv.ElementsIvvMod
Import: java.util.Map
Import: java.util.HashMap
End  Processing: net/cc/ivv/potion/PotionSmoked.java

Start Processing: net/cc/ivv/procedure/ProcedureRoggedAfterEffect.java
New Key: class net/cc/ivv/ElementsIvvMod
New Key: class net/cc/ivv/ElementsIvvMod
FOUND CONSTR method net/cc/ivv/procedure/ProcedureRoggedAfterEffect/ProcedureRoggedAfterEffect (Lnet/cc/ivv/ElementsIvvMod;)V net/cc/ivv/procedure/ProcedureRoggedAfterEffect
Rename method net/minecraft/entity/Entity/attackEntityFrom (Lnet/minecraft/util/DamageSource;F)Z[718,734]::attackEntityFrom->func_70097_a
Rename field net/minecraft/util/DamageSource/GENERIC[744,751]::GENERIC->field_76377_j
Rename method net/minecraft/entity/EntityLivingBase/getHealth ()F[841,850]::getHealth->func_110143_aJ
Import: net.minecraft.util.DamageSource
Import: net.minecraft.entity.EntityLivingBase
Import: net.minecraft.entity.Entity
Import: net.cc.ivv.ElementsIvvMod
Import: java.util.Map
End  Processing: net/cc/ivv/procedure/ProcedureRoggedAfterEffect.java

Start Processing: net/cc/ivv/procedure/ProcedureRoggedDuringEffect.java
New Key: class net/cc/ivv/ElementsIvvMod
New Key: class net/cc/ivv/ElementsIvvMod
FOUND CONSTR method net/cc/ivv/procedure/ProcedureRoggedDuringEffect/ProcedureRoggedDuringEffect (Lnet/cc/ivv/ElementsIvvMod;)V net/cc/ivv/procedure/ProcedureRoggedDuringEffect
Rename method net/minecraft/entity/EntityLivingBase/swingArm (Lnet/minecraft/util/EnumHand;)V[1025,1033]::swingArm->func_184609_a
Rename method net/minecraft/entity/EntityLivingBase/swingArm (Lnet/minecraft/util/EnumHand;)V[1160,1168]::swingArm->func_184609_a
Rename field net/minecraft/entity/Entity/rotationYaw[1628,1639]::rotationYaw->field_70177_z
Rename field net/minecraft/entity/Entity/rotationYaw[1652,1663]::rotationYaw->field_70177_z
Rename field net/minecraft/entity/Entity/rotationPitch[1680,1693]::rotationPitch->field_70125_A
Rename field net/minecraft/entity/Entity/rotationPitch[1705,1718]::rotationPitch->field_70125_A
Rename field net/minecraft/entity/Entity/rotationYaw[1839,1850]::rotationYaw->field_70177_z
Rename field net/minecraft/entity/Entity/rotationYaw[1864,1875]::rotationYaw->field_70177_z
Rename field net/minecraft/entity/Entity/rotationPitch[1907,1920]::rotationPitch->field_70125_A
Rename field net/minecraft/entity/Entity/rotationPitch[1931,1944]::rotationPitch->field_70125_A
Rename field net/minecraft/entity/Entity/motionY[1975,1982]::motionY->field_70181_x
Rename field net/minecraft/entity/Entity/motionX[2038,2045]::motionX->field_70159_w
Rename field net/minecraft/entity/Entity/motionX[2062,2069]::motionX->field_70159_w
Rename field net/minecraft/entity/Entity/motionY[2089,2096]::motionY->field_70181_x
Rename field net/minecraft/entity/Entity/motionY[2114,2121]::motionY->field_70181_x
Rename field net/minecraft/entity/Entity/motionZ[2146,2153]::motionZ->field_70179_y
Rename field net/minecraft/entity/Entity/motionZ[2170,2177]::motionZ->field_70179_y
Rename method net/minecraft/entity/Entity/attackEntityFrom (Lnet/minecraft/util/DamageSource;F)Z[2238,2254]::attackEntityFrom->func_70097_a
Rename field net/minecraft/util/DamageSource/WITHER[2264,2270]::WITHER->field_82727_n
Rename method net/minecraft/entity/EntityLivingBase/addPotionEffect (Lnet/minecraft/potion/PotionEffect;)V[2371,2386]::addPotionEffect->func_70690_d
Rename field net/minecraft/init/MobEffects/SPEED[2412,2417]::SPEED->field_76424_c
Rename method net/minecraft/entity/EntityLivingBase/addPotionEffect (Lnet/minecraft/potion/PotionEffect;)V[2540,2555]::addPotionEffect->func_70690_d
Rename field net/minecraft/init/MobEffects/HASTE[2581,2586]::HASTE->field_76422_e
Import: net.minecraft.util.EnumHand
Import: net.minecraft.util.DamageSource
Import: net.minecraft.potion.PotionEffect
Import: net.minecraft.init.MobEffects
Import: net.minecraft.entity.EntityLivingBase
Import: net.minecraft.entity.Entity
Import: net.cc.ivv.ElementsIvvMod
Import: java.util.Map
End  Processing: net/cc/ivv/procedure/ProcedureRoggedDuringEffect.java

Start Processing: net/cc/ivv/procedure/ProcedureSmokeStatus.java
New Key: class net/cc/ivv/ElementsIvvMod
New Key: class net/cc/ivv/ElementsIvvMod
FOUND CONSTR method net/cc/ivv/procedure/ProcedureSmokeStatus/ProcedureSmokeStatus (Lnet/cc/ivv/ElementsIvvMod;)V net/cc/ivv/procedure/ProcedureSmokeStatus
Rename method net/minecraft/entity/EntityLivingBase/getActivePotionEffects ()Ljava/util/Collection;[931,953]::getActivePotionEffects->func_70651_bq
Rename method net/minecraft/potion/PotionEffect/getPotion ()Lnet/minecraft/potion/Potion;[1010,1019]::getPotion->func_188419_a
Import: net.minecraft.potion.PotionEffect
Import: net.minecraft.entity.EntityLivingBase
Import: net.minecraft.entity.Entity
Import: net.cc.ivv.potion.PotionSmoked
Import: net.cc.ivv.ElementsIvvMod
Import: java.util.Map
Import: java.util.Collection
End  Processing: net/cc/ivv/procedure/ProcedureSmokeStatus.java

Start Processing: net/cc/ivv/procedure/ProcedureSmokeZoinked.java
New Key: class net/cc/ivv/ElementsIvvMod
New Key: class net/cc/ivv/ElementsIvvMod
FOUND CONSTR method net/cc/ivv/procedure/ProcedureSmokeZoinked/ProcedureSmokeZoinked (Lnet/cc/ivv/ElementsIvvMod;)V net/cc/ivv/procedure/ProcedureSmokeZoinked
Rename method net/minecraft/entity/EntityLivingBase/addPotionEffect (Lnet/minecraft/potion/PotionEffect;)V[808,823]::addPotionEffect->func_70690_d
Rename field net/minecraft/init/MobEffects/MINING_FATIGUE[849,863]::MINING_FATIGUE->field_76419_f
Rename method net/minecraft/entity/EntityLivingBase/addPotionEffect (Lnet/minecraft/potion/PotionEffect;)V[977,992]::addPotionEffect->func_70690_d
Rename field net/minecraft/init/MobEffects/SLOWNESS[1018,1026]::SLOWNESS->field_76421_d
Rename method net/minecraft/entity/EntityLivingBase/addPotionEffect (Lnet/minecraft/potion/PotionEffect;)V[1146,1161]::addPotionEffect->func_70690_d
Rename field net/minecraft/init/MobEffects/HUNGER[1187,1193]::HUNGER->field_76438_s
Import: net.minecraft.potion.PotionEffect
Import: net.minecraft.init.MobEffects
Import: net.minecraft.entity.EntityLivingBase
Import: net.minecraft.entity.Entity
Import: net.cc.ivv.ElementsIvvMod
Import: java.util.Map
End  Processing: net/cc/ivv/procedure/ProcedureSmokeZoinked.java

